<?xml version="1.0" encoding="UTF-8"?>
<!-- Generated by org.testng.reporters.JUnitXMLReporter -->
<testsuite ignored="0" hostname="DESKTOP-8HJJ6Q4" failures="0" tests="1" name="EdgeTest" time="1.128" errors="0" timestamp="2021-08-16T20:49:30 EDT">
  <testcase classname="testBase.BaseClass" name="@BeforeClass setup" time="0.67">
    <failure type="java.lang.ClassCastException" message="class org.apache.logging.log4j.core.Logger cannot be cast to class freemarker.log.Logger (org.apache.logging.log4j.core.Logger and freemarker.log.Logger are in unnamed module of loader &amp;apos;app&amp;apos;)">
      <![CDATA[java.lang.ClassCastException: class org.apache.logging.log4j.core.Logger cannot be cast to class freemarker.log.Logger (org.apache.logging.log4j.core.Logger and freemarker.log.Logger are in unnamed module of loader 'app')
at testBase.BaseClass.setup(BaseClass.java:31)
at java.base/java.util.ArrayList.forEach(ArrayList.java:1511)
at java.base/java.util.concurrent.FutureTask.run(FutureTask.java:264)
at java.base/java.util.concurrent.ThreadPoolExecutor.runWorker(ThreadPoolExecutor.java:1130)
at java.base/java.util.concurrent.ThreadPoolExecutor$Worker.run(ThreadPoolExecutor.java:630)
at java.base/java.lang.Thread.run(Thread.java:832)
... Removed 16 stack frames]]>
    </failure>
  </testcase> <!-- @BeforeClass setup -->
  <testcase classname="testBase.BaseClass" name="@AfterClass tearDown" time="-1.629161369839E9">
    <skipped/>
  </testcase> <!-- @AfterClass tearDown -->
  <testcase classname="testBase.BaseClass" name="@BeforeClass setup" time="1.037">
    <failure type="java.lang.ClassCastException" message="class org.apache.logging.log4j.core.Logger cannot be cast to class freemarker.log.Logger (org.apache.logging.log4j.core.Logger and freemarker.log.Logger are in unnamed module of loader &amp;apos;app&amp;apos;)">
      <![CDATA[java.lang.ClassCastException: class org.apache.logging.log4j.core.Logger cannot be cast to class freemarker.log.Logger (org.apache.logging.log4j.core.Logger and freemarker.log.Logger are in unnamed module of loader 'app')
at testBase.BaseClass.setup(BaseClass.java:31)
at java.base/java.util.ArrayList.forEach(ArrayList.java:1511)
at java.base/java.util.concurrent.FutureTask.run(FutureTask.java:264)
at java.base/java.util.concurrent.ThreadPoolExecutor.runWorker(ThreadPoolExecutor.java:1130)
at java.base/java.util.concurrent.ThreadPoolExecutor$Worker.run(ThreadPoolExecutor.java:630)
at java.base/java.lang.Thread.run(Thread.java:832)
... Removed 16 stack frames]]>
    </failure>
  </testcase> <!-- @BeforeClass setup -->
  <testcase classname="testBase.BaseClass" name="@AfterClass tearDown" time="-1.629161370164E9">
    <skipped/>
  </testcase> <!-- @AfterClass tearDown -->
  <testcase classname="testCases.TC_001_AccountRegistration" name="test_account_Registration" time="0.0">
    <skipped/>
  </testcase> <!-- test_account_Registration -->
</testsuite> <!-- EdgeTest -->
