<?xml version="1.0" encoding="UTF-8"?>
<!-- Generated by org.testng.reporters.JUnitXMLReporter -->
<testsuite ignored="0" hostname="DESKTOP-8HJJ6Q4" failures="1" tests="2" name="opencartTests" time="20.008" errors="0" timestamp="2021-08-21T19:45:07 EDT">
  <testcase classname="testCases.TC_001_AccountRegistration" name="test_account_Registration" time="5.649">
    <failure type="java.lang.AssertionError" message="expected [true] but found [false]">
      <![CDATA[java.lang.AssertionError: expected [true] but found [false]
at testCases.TC_001_AccountRegistration.test_account_Registration(TC_001_AccountRegistration.java:75)
at java.base/java.util.ArrayList.forEach(ArrayList.java:1511)
... Removed 31 stack frames]]>
    </failure>
  </testcase> <!-- test_account_Registration -->
  <testcase classname="testCases.TC_002_Login" name="test_Login" time="5.269"/>
</testsuite> <!-- opencartTests -->
